<?xml version="1.0" encoding="UTF-8"?>
<testng-results ignored="0" total="1" passed="1" failed="0" skipped="0">
  <reporter-output>
  </reporter-output>
  <suite started-at="2023-02-14T17:44:48 IST" name="Default suite" finished-at="2023-02-14T17:46:04 IST" duration-ms="75790">
    <groups>
    </groups>
    <test started-at="2023-02-14T17:44:48 IST" name="Default test" finished-at="2023-02-14T17:46:04 IST" duration-ms="75790">
      <class name="Testcases.LoginTestcases1">
        <test-method is-config="true" signature="openurl()[pri:0, instance:Testcases.LoginTestcases1@130161f7]" started-at="2023-02-14T17:44:48 IST" name="openurl" finished-at="2023-02-14T17:45:25 IST" duration-ms="36408" status="PASS">
          <reporter-output>
          </reporter-output>
        </test-method> <!-- openurl -->
        <test-method signature="login()[pri:0, instance:Testcases.LoginTestcases1@130161f7]" started-at="2023-02-14T17:45:25 IST" name="login" finished-at="2023-02-14T17:45:57 IST" duration-ms="32160" status="PASS">
          <reporter-output>
          </reporter-output>
        </test-method> <!-- login -->
        <test-method is-config="true" signature="close()[pri:0, instance:Testcases.LoginTestcases1@130161f7]" started-at="2023-02-14T17:45:57 IST" name="close" finished-at="2023-02-14T17:46:04 IST" duration-ms="6986" status="PASS">
          <reporter-output>
          </reporter-output>
        </test-method> <!-- close -->
      </class> <!-- Testcases.LoginTestcases1 -->
    </test> <!-- Default test -->
  </suite> <!-- Default suite -->
</testng-results>
